
Loading the model ...
  input file   : /home/cboettig/Documents/boettiger-lab/sarsop/inst/extdata/vignette/e6b6f0f5ace45ff9d09c9567007ae78b.pomdpx
  loading time : 0.48s 

SARSOP initializing ...
  initialization time : 3.85s

-------------------------------------------------------------------------------
 Time   |#Trial |#Backup |LBound    |UBound    |Precision  |#Alphas |#Beliefs  
-------------------------------------------------------------------------------
 3.85    0       0        2.57034    4.71135    2.14101     50       1        
 5.46    3       53       4.09671    4.56797    0.471257    18       27       
 12.35   5       100      4.24571    4.56731    0.321603    10       53       
 22.87   8       159      4.34662    4.56564    0.21902     14       77       
 35.55   10      205      4.38204    4.56464    0.182606    13       98       
 52.58   12      253      4.40593    4.56326    0.157332    15       121      
 70.51   14      301      4.41896    4.5624     0.14344     20       141      
 92.5    16      350      4.429      4.56123    0.132239    18       162      
 121.47  18      400      4.43519    4.56068    0.125493    17       186      
 158.35  20      450      4.44099    4.5602     0.119215    22       211      
 191.31  22      500      4.44256    4.55931    0.116754    22       231      
 235.81  24      550      4.44455    4.55865    0.114097    21       256      
-------------------------------------------------------------------------------

SARSOP finishing ...
  Preset timeout reached
  Timeout     : 200.000000s
  Actual Time : 235.810000s

-------------------------------------------------------------------------------
 Time   |#Trial |#Backup |LBound    |UBound    |Precision  |#Alphas |#Beliefs  
-------------------------------------------------------------------------------
 235.81  24      550      4.44455    4.55865    0.114097    21       256      
-------------------------------------------------------------------------------

Writing out policy ...
  output file : inst/extdata/vignette/e6b6f0f5ace45ff9d09c9567007ae78b.policyx


